<?xml version="1.0" encoding="UTF-8" ?>
<testsuite failures="0" time="0.01" errors="0" skipped="0" tests="5" name="de.gzockoll.accounting.AccountingTransactionTest">
  <properties>
    <property name="java.vendor" value="Apple Inc."/>
    <property name="localRepository" value="/Users/guido/.m2/repository"/>
    <property name="sun.java.launcher" value="SUN_STANDARD"/>
    <property name="sun.management.compiler" value="HotSpot 64-Bit Server Compiler"/>
    <property name="os.name" value="Mac OS X"/>
    <property name="sun.boot.class.path" value="/System/Library/Frameworks/JavaVM.framework/Versions/1.6.0/Classes/jsfd.jar:/System/Library/Frameworks/JavaVM.framework/Versions/1.6.0/Classes/classes.jar:/System/Library/Frameworks/JavaVM.framework/Frameworks/JavaRuntimeSupport.framework/Resources/Java/JavaRuntimeSupport.jar:/System/Library/Frameworks/JavaVM.framework/Versions/1.6.0/Classes/ui.jar:/System/Library/Frameworks/JavaVM.framework/Versions/1.6.0/Classes/laf.jar:/System/Library/Frameworks/JavaVM.framework/Versions/1.6.0/Classes/sunrsasign.jar:/System/Library/Frameworks/JavaVM.framework/Versions/1.6.0/Classes/jsse.jar:/System/Library/Frameworks/JavaVM.framework/Versions/1.6.0/Classes/jce.jar:/System/Library/Frameworks/JavaVM.framework/Versions/1.6.0/Classes/charsets.jar"/>
    <property name="env.TMPDIR" value="/var/folders/gB/gBOW0VFTHi0T3ItfoH1DzE+++TI/-Tmp-/"/>
    <property name="env.PWD" value="/Users/guido/Documents/workspace/accounting"/>
    <property name="env.LANG" value="de_DE.UTF-8"/>
    <property name="java.vm.specification.vendor" value="Sun Microsystems Inc."/>
    <property name="java.runtime.version" value="1.6.0_15-b03-219"/>
    <property name="env.Apple_PubSub_Socket_Render" value="/tmp/launch-k8PYcp/Render"/>
    <property name="env.DISPLAY" value="/tmp/launch-JEKJ0r/:0"/>
    <property name="user.name" value="guido"/>
    <property name="env.USER" value="guido"/>
    <property name="env.SHELL" value="/bin/bash"/>
    <property name="env.__CF_USER_TEXT_ENCODING" value="0x1F5:0:3"/>
    <property name="awt.nativeDoubleBuffering" value="true"/>
    <property name="env.PATH" value="/opt/local/bin:/opt/local/sbin:/usr/bin:/bin:/usr/sbin:/sbin:/usr/local/bin:/usr/local/git/bin:/usr/X11/bin"/>
    <property name="user.language" value="de"/>
    <property name="sun.boot.library.path" value="/System/Library/Frameworks/JavaVM.framework/Versions/1.6.0/Libraries"/>
    <property name="classworlds.conf" value="/usr/share/maven/bin/m2.conf"/>
    <property name="java.version" value="1.6.0_15"/>
    <property name="user.timezone" value="Europe/Berlin"/>
    <property name="sun.arch.data.model" value="64"/>
    <property name="http.nonProxyHosts" value="local|*.local|169.254/16|*.169.254/16"/>
    <property name="java.endorsed.dirs" value="/System/Library/Frameworks/JavaVM.framework/Versions/1.6.0/Home/lib/endorsed"/>
    <property name="sun.cpu.isalist" value=""/>
    <property name="sun.jnu.encoding" value="MacRoman"/>
    <property name="file.encoding.pkg" value="sun.io"/>
    <property name="env.SHLVL" value="1"/>
    <property name="file.separator" value="/"/>
    <property name="java.specification.name" value="Java Platform API Specification"/>
    <property name="java.class.version" value="50.0"/>
    <property name="user.country" value="DE"/>
    <property name="java.home" value="/System/Library/Frameworks/JavaVM.framework/Versions/1.6.0/Home"/>
    <property name="java.vm.info" value="mixed mode"/>
    <property name="env.LOGNAME" value="guido"/>
    <property name="os.version" value="10.6.2"/>
    <property name="env.JAVA_MAIN_CLASS_25906" value="org.codehaus.classworlds.Launcher"/>
    <property name="env.TERM_PROGRAM_VERSION" value="272"/>
    <property name="path.separator" value=":"/>
    <property name="java.vm.version" value="14.1-b02-90"/>
    <property name="java.awt.printerjob" value="apple.awt.CPrinterJob"/>
    <property name="env.TERM" value="xterm-color"/>
    <property name="sun.io.unicode.encoding" value="UnicodeLittle"/>
    <property name="awt.toolkit" value="apple.awt.CToolkit"/>
    <property name="socksNonProxyHosts" value="local|*.local|169.254/16|*.169.254/16"/>
    <property name="ftp.nonProxyHosts" value="local|*.local|169.254/16|*.169.254/16"/>
    <property name="env.MANPATH" value="/opt/local/share/man:"/>
    <property name="user.home" value="/Users/guido"/>
    <property name="env.OLDPWD" value="/Users/guido/Documents/workspace/accounting"/>
    <property name="java.specification.vendor" value="Sun Microsystems Inc."/>
    <property name="env.TERM_PROGRAM" value="Apple_Terminal"/>
    <property name="java.library.path" value=".:/Library/Java/Extensions:/System/Library/Java/Extensions:/usr/lib/java"/>
    <property name="java.vendor.url" value="http://www.apple.com/"/>
    <property name="java.vm.vendor" value="Apple Inc."/>
    <property name="gopherProxySet" value="false"/>
    <property name="maven.home" value="/usr/share/maven"/>
    <property name="java.runtime.name" value="Java(TM) SE Runtime Environment"/>
    <property name="java.class.path" value="/usr/share/maven/boot/classworlds-1.1.jar"/>
    <property name="java.vm.specification.name" value="Java Virtual Machine Specification"/>
    <property name="java.vm.specification.version" value="1.0"/>
    <property name="sun.cpu.endian" value="little"/>
    <property name="sun.os.patch.level" value="unknown"/>
    <property name="env.HOME" value="/Users/guido"/>
    <property name="surefire.test.class.path" value="/Users/guido/Documents/workspace/accounting/target/test-classes:/Users/guido/Documents/workspace/accounting/target/classes:/Users/guido/.m2/repository/junit/junit/4.7/junit-4.7.jar:/Users/guido/.m2/repository/de/gzockoll/quantity/0.0.1-SNAPSHOT/quantity-0.0.1-SNAPSHOT.jar:/Users/guido/.m2/repository/de/gzockoll/money/0.0.1-SNAPSHOT/money-0.0.1-SNAPSHOT.jar:/Users/guido/.m2/repository/de/gzockoll/commontypes/0.0.1-SNAPSHOT/commontypes-0.0.1-SNAPSHOT.jar:/Users/guido/.m2/repository/joda-time/joda-time/1.6/joda-time-1.6.jar:/Users/guido/.m2/repository/org/hamcrest/hamcrest-core/1.1/hamcrest-core-1.1.jar:"/>
    <property name="java.io.tmpdir" value="/var/folders/gB/gBOW0VFTHi0T3ItfoH1DzE+++TI/-Tmp-/"/>
    <property name="java.vendor.url.bug" value="http://bugreport.apple.com/"/>
    <property name="env.MAVEN_OPTS" value="-Xmx1024m"/>
    <property name="env.SSH_AUTH_SOCK" value="/tmp/launch-q4uONw/Listeners"/>
    <property name="env.COMMAND_MODE" value="unix2003"/>
    <property name="java.awt.graphicsenv" value="apple.awt.CGraphicsEnvironment"/>
    <property name="os.arch" value="x86_64"/>
    <property name="java.ext.dirs" value="/Library/Java/Extensions:/System/Library/Java/Extensions:/System/Library/Frameworks/JavaVM.framework/Versions/1.6.0/Home/lib/ext"/>
    <property name="env.DBUS_LAUNCHD_SESSION_BUS_SOCKET" value="/tmp/launch-PBeeYR/unix_domain_listener"/>
    <property name="user.dir" value="/Users/guido/Documents/workspace/accounting"/>
    <property name="mrj.version" value="1060.1.6.0_15-219"/>
    <property name="line.separator" value="
"/>
    <property name="java.vm.name" value="Java HotSpot(TM) 64-Bit Server VM"/>
    <property name="basedir" value="/Users/guido/Documents/workspace/accounting"/>
    <property name="file.encoding" value="MacRoman"/>
    <property name="java.specification.version" value="1.6"/>
  </properties>
  <testcase time="0.001" classname="de.gzockoll.accounting.AccountingTransactionTest" name="testCanPost2Way"/>
  <testcase time="0.001" classname="de.gzockoll.accounting.AccountingTransactionTest" name="testCanPost3Way"/>
  <testcase time="0.001" classname="de.gzockoll.accounting.AccountingTransactionTest" name="testPost2Way"/>
  <testcase time="0" classname="de.gzockoll.accounting.AccountingTransactionTest" name="testPost3Way"/>
  <testcase time="0.001" classname="de.gzockoll.accounting.AccountingTransactionTest" name="testCanNotPost"/>
</testsuite>